[katon] Starting cxp on port: 31010 using command: http-server -p 31010
[33mStarting up http-server, serving [39m[36m./[39m[33m on port: [39m[36m31010[39m
Hit CTRL-C to stop the server
[Wed, 03 Sep 2014 00:48:56 GMT] "[36mGET[39m [36m/[39m" "Mozilla/5.0 (Macintosh; Intel Mac OS X 10_10_0) AppleWebKit/537.36 (KHTML, like Gecko) Chrome/37.0.2062.68 Safari/537.36"
[Wed, 03 Sep 2014 00:48:56 GMT] "[36mGET[39m [36m/onepage.css[39m" "Mozilla/5.0 (Macintosh; Intel Mac OS X 10_10_0) AppleWebKit/537.36 (KHTML, like Gecko) Chrome/37.0.2062.68 Safari/537.36"
[Wed, 03 Sep 2014 00:48:56 GMT] "[36mGET[39m [36m/signpost.png[39m" "Mozilla/5.0 (Macintosh; Intel Mac OS X 10_10_0) AppleWebKit/537.36 (KHTML, like Gecko) Chrome/37.0.2062.68 Safari/537.36"
[Wed, 03 Sep 2014 00:48:56 GMT] "[36mGET[39m [36m/fb-review.png[39m" "Mozilla/5.0 (Macintosh; Intel Mac OS X 10_10_0) AppleWebKit/537.36 (KHTML, like Gecko) Chrome/37.0.2062.68 Safari/537.36"
[Wed, 03 Sep 2014 00:48:56 GMT] "[36mGET[39m [36m/amazon-warning.png[39m" "Mozilla/5.0 (Macintosh; Intel Mac OS X 10_10_0) AppleWebKit/537.36 (KHTML, like Gecko) Chrome/37.0.2062.68 Safari/537.36"
[Wed, 03 Sep 2014 00:48:56 GMT] "[36mGET[39m [36m/chrome-f.jpg[39m" "Mozilla/5.0 (Macintosh; Intel Mac OS X 10_10_0) AppleWebKit/537.36 (KHTML, like Gecko) Chrome/37.0.2062.68 Safari/537.36"
[Wed, 03 Sep 2014 00:48:56 GMT] "[36mGET[39m [36m/fb-w-lozenge-and-popup.jpg[39m" "Mozilla/5.0 (Macintosh; Intel Mac OS X 10_10_0) AppleWebKit/537.36 (KHTML, like Gecko) Chrome/37.0.2062.68 Safari/537.36"
[Wed, 03 Sep 2014 00:48:56 GMT] "[36mGET[39m [36m/activities.png[39m" "Mozilla/5.0 (Macintosh; Intel Mac OS X 10_10_0) AppleWebKit/537.36 (KHTML, like Gecko) Chrome/37.0.2062.68 Safari/537.36"
[Wed, 03 Sep 2014 00:48:56 GMT] "[36mGET[39m [36m/schema.png[39m" "Mozilla/5.0 (Macintosh; Intel Mac OS X 10_10_0) AppleWebKit/537.36 (KHTML, like Gecko) Chrome/37.0.2062.68 Safari/537.36"
[Wed, 03 Sep 2014 00:48:56 GMT] "[36mGET[39m [36m/collection.png[39m" "Mozilla/5.0 (Macintosh; Intel Mac OS X 10_10_0) AppleWebKit/537.36 (KHTML, like Gecko) Chrome/37.0.2062.68 Safari/537.36"
[Wed, 03 Sep 2014 00:48:56 GMT] "[36mGET[39m [36m/display.png[39m" "Mozilla/5.0 (Macintosh; Intel Mac OS X 10_10_0) AppleWebKit/537.36 (KHTML, like Gecko) Chrome/37.0.2062.68 Safari/537.36"
[Wed, 03 Sep 2014 00:48:56 GMT] "[36mGET[39m [36m/residents.png[39m" "Mozilla/5.0 (Macintosh; Intel Mac OS X 10_10_0) AppleWebKit/537.36 (KHTML, like Gecko) Chrome/37.0.2062.68 Safari/537.36"
[Wed, 03 Sep 2014 00:48:56 GMT] "[36mGET[39m [36m/oversight.png[39m" "Mozilla/5.0 (Macintosh; Intel Mac OS X 10_10_0) AppleWebKit/537.36 (KHTML, like Gecko) Chrome/37.0.2062.68 Safari/537.36"
[Wed, 03 Sep 2014 00:48:57 GMT] "[36mGET[39m [36m/favicon.ico[39m" "Mozilla/5.0 (Macintosh; Intel Mac OS X 10_10_0) AppleWebKit/537.36 (KHTML, like Gecko) Chrome/37.0.2062.68 Safari/537.36"
[Wed, 03 Sep 2014 00:49:35 GMT] "[36mGET[39m [36m/[39m" "Mozilla/5.0 (Macintosh; Intel Mac OS X 10_10_0) AppleWebKit/537.36 (KHTML, like Gecko) Chrome/37.0.2062.68 Safari/537.36"
[Wed, 03 Sep 2014 00:49:50 GMT] "[36mGET[39m [36m/[39m" "Mozilla/5.0 (Macintosh; Intel Mac OS X 10_10_0) AppleWebKit/537.36 (KHTML, like Gecko) Chrome/37.0.2062.68 Safari/537.36"
[Wed, 03 Sep 2014 00:49:51 GMT] "[36mGET[39m [36m/onepage.css[39m" "Mozilla/5.0 (Macintosh; Intel Mac OS X 10_10_0) AppleWebKit/537.36 (KHTML, like Gecko) Chrome/37.0.2062.68 Safari/537.36"
[Wed, 03 Sep 2014 00:49:51 GMT] "[36mGET[39m [36m/signpost.png[39m" "Mozilla/5.0 (Macintosh; Intel Mac OS X 10_10_0) AppleWebKit/537.36 (KHTML, like Gecko) Chrome/37.0.2062.68 Safari/537.36"
[Wed, 03 Sep 2014 00:49:51 GMT] "[36mGET[39m [36m/fb-review.png[39m" "Mozilla/5.0 (Macintosh; Intel Mac OS X 10_10_0) AppleWebKit/537.36 (KHTML, like Gecko) Chrome/37.0.2062.68 Safari/537.36"
[Wed, 03 Sep 2014 00:49:51 GMT] "[36mGET[39m [36m/amazon-warning.png[39m" "Mozilla/5.0 (Macintosh; Intel Mac OS X 10_10_0) AppleWebKit/537.36 (KHTML, like Gecko) Chrome/37.0.2062.68 Safari/537.36"
[Wed, 03 Sep 2014 00:49:51 GMT] "[36mGET[39m [36m/chrome-f.jpg[39m" "Mozilla/5.0 (Macintosh; Intel Mac OS X 10_10_0) AppleWebKit/537.36 (KHTML, like Gecko) Chrome/37.0.2062.68 Safari/537.36"
[Wed, 03 Sep 2014 00:49:53 GMT] "[36mGET[39m [36m/fb-w-lozenge-and-popup.jpg[39m" "Mozilla/5.0 (Macintosh; Intel Mac OS X 10_10_0) AppleWebKit/537.36 (KHTML, like Gecko) Chrome/37.0.2062.68 Safari/537.36"
[Wed, 03 Sep 2014 00:49:53 GMT] "[36mGET[39m [36m/activities.png[39m" "Mozilla/5.0 (Macintosh; Intel Mac OS X 10_10_0) AppleWebKit/537.36 (KHTML, like Gecko) Chrome/37.0.2062.68 Safari/537.36"
[Wed, 03 Sep 2014 00:49:53 GMT] "[36mGET[39m [36m/schema.png[39m" "Mozilla/5.0 (Macintosh; Intel Mac OS X 10_10_0) AppleWebKit/537.36 (KHTML, like Gecko) Chrome/37.0.2062.68 Safari/537.36"
[Wed, 03 Sep 2014 00:49:53 GMT] "[36mGET[39m [36m/collection.png[39m" "Mozilla/5.0 (Macintosh; Intel Mac OS X 10_10_0) AppleWebKit/537.36 (KHTML, like Gecko) Chrome/37.0.2062.68 Safari/537.36"
[Wed, 03 Sep 2014 00:49:53 GMT] "[36mGET[39m [36m/display.png[39m" "Mozilla/5.0 (Macintosh; Intel Mac OS X 10_10_0) AppleWebKit/537.36 (KHTML, like Gecko) Chrome/37.0.2062.68 Safari/537.36"
[Wed, 03 Sep 2014 00:49:53 GMT] "[36mGET[39m [36m/residents.png[39m" "Mozilla/5.0 (Macintosh; Intel Mac OS X 10_10_0) AppleWebKit/537.36 (KHTML, like Gecko) Chrome/37.0.2062.68 Safari/537.36"
[Wed, 03 Sep 2014 00:49:58 GMT] "[36mGET[39m [36m/oversight.png[39m" "Mozilla/5.0 (Macintosh; Intel Mac OS X 10_10_0) AppleWebKit/537.36 (KHTML, like Gecko) Chrome/37.0.2062.68 Safari/537.36"
[Wed, 03 Sep 2014 00:50:03 GMT] "[36mGET[39m [36m/[39m" "Mozilla/5.0 (Macintosh; Intel Mac OS X 10_10_0) AppleWebKit/537.36 (KHTML, like Gecko) Chrome/37.0.2062.68 Safari/537.36"
[Wed, 03 Sep 2014 00:50:05 GMT] "[36mGET[39m [36m/[39m" "Mozilla/5.0 (Macintosh; Intel Mac OS X 10_10_0) AppleWebKit/537.36 (KHTML, like Gecko) Chrome/37.0.2062.68 Safari/537.36"
[Wed, 03 Sep 2014 00:50:05 GMT] "[36mGET[39m [36m/onepage.css[39m" "Mozilla/5.0 (Macintosh; Intel Mac OS X 10_10_0) AppleWebKit/537.36 (KHTML, like Gecko) Chrome/37.0.2062.68 Safari/537.36"
[Wed, 03 Sep 2014 00:50:05 GMT] "[36mGET[39m [36m/signpost.png[39m" "Mozilla/5.0 (Macintosh; Intel Mac OS X 10_10_0) AppleWebKit/537.36 (KHTML, like Gecko) Chrome/37.0.2062.68 Safari/537.36"
[Wed, 03 Sep 2014 00:50:05 GMT] "[36mGET[39m [36m/fb-review.png[39m" "Mozilla/5.0 (Macintosh; Intel Mac OS X 10_10_0) AppleWebKit/537.36 (KHTML, like Gecko) Chrome/37.0.2062.68 Safari/537.36"
[Wed, 03 Sep 2014 00:50:05 GMT] "[36mGET[39m [36m/amazon-warning.png[39m" "Mozilla/5.0 (Macintosh; Intel Mac OS X 10_10_0) AppleWebKit/537.36 (KHTML, like Gecko) Chrome/37.0.2062.68 Safari/537.36"
[Wed, 03 Sep 2014 00:50:05 GMT] "[36mGET[39m [36m/chrome-f.jpg[39m" "Mozilla/5.0 (Macintosh; Intel Mac OS X 10_10_0) AppleWebKit/537.36 (KHTML, like Gecko) Chrome/37.0.2062.68 Safari/537.36"
[Wed, 03 Sep 2014 00:50:10 GMT] "[36mGET[39m [36m/fb-w-lozenge-and-popup.jpg[39m" "Mozilla/5.0 (Macintosh; Intel Mac OS X 10_10_0) AppleWebKit/537.36 (KHTML, like Gecko) Chrome/37.0.2062.68 Safari/537.36"
[Wed, 03 Sep 2014 00:50:10 GMT] "[36mGET[39m [36m/activities.png[39m" "Mozilla/5.0 (Macintosh; Intel Mac OS X 10_10_0) AppleWebKit/537.36 (KHTML, like Gecko) Chrome/37.0.2062.68 Safari/537.36"
[Wed, 03 Sep 2014 00:50:10 GMT] "[36mGET[39m [36m/schema.png[39m" "Mozilla/5.0 (Macintosh; Intel Mac OS X 10_10_0) AppleWebKit/537.36 (KHTML, like Gecko) Chrome/37.0.2062.68 Safari/537.36"
[Wed, 03 Sep 2014 00:50:10 GMT] "[36mGET[39m [36m/collection.png[39m" "Mozilla/5.0 (Macintosh; Intel Mac OS X 10_10_0) AppleWebKit/537.36 (KHTML, like Gecko) Chrome/37.0.2062.68 Safari/537.36"
[Wed, 03 Sep 2014 00:50:10 GMT] "[36mGET[39m [36m/display.png[39m" "Mozilla/5.0 (Macintosh; Intel Mac OS X 10_10_0) AppleWebKit/537.36 (KHTML, like Gecko) Chrome/37.0.2062.68 Safari/537.36"
[Wed, 03 Sep 2014 00:50:10 GMT] "[36mGET[39m [36m/residents.png[39m" "Mozilla/5.0 (Macintosh; Intel Mac OS X 10_10_0) AppleWebKit/537.36 (KHTML, like Gecko) Chrome/37.0.2062.68 Safari/537.36"
[Wed, 03 Sep 2014 00:50:15 GMT] "[36mGET[39m [36m/oversight.png[39m" "Mozilla/5.0 (Macintosh; Intel Mac OS X 10_10_0) AppleWebKit/537.36 (KHTML, like Gecko) Chrome/37.0.2062.68 Safari/537.36"
[Wed, 03 Sep 2014 00:51:12 GMT] "[36mGET[39m [36m/[39m" "Mozilla/5.0 (Macintosh; Intel Mac OS X 10_10_0) AppleWebKit/537.36 (KHTML, like Gecko) Chrome/37.0.2062.68 Safari/537.36"
[Wed, 03 Sep 2014 00:51:58 GMT] "[36mGET[39m [36m/[39m" "Mozilla/5.0 (Macintosh; Intel Mac OS X 10_10_0) AppleWebKit/537.36 (KHTML, like Gecko) Chrome/37.0.2062.68 Safari/537.36"
[Wed, 03 Sep 2014 00:52:16 GMT] "[36mGET[39m [36m/[39m" "Mozilla/5.0 (Macintosh; Intel Mac OS X 10_10_0) AppleWebKit/537.36 (KHTML, like Gecko) Chrome/37.0.2062.68 Safari/537.36"
[Wed, 03 Sep 2014 00:52:53 GMT] "[36mGET[39m [36m/[39m" "Mozilla/5.0 (Macintosh; Intel Mac OS X 10_10_0) AppleWebKit/537.36 (KHTML, like Gecko) Chrome/37.0.2062.68 Safari/537.36"
[Wed, 03 Sep 2014 00:53:00 GMT] "[36mGET[39m [36m/[39m" "Mozilla/5.0 (Macintosh; Intel Mac OS X 10_10_0) AppleWebKit/537.36 (KHTML, like Gecko) Chrome/37.0.2062.68 Safari/537.36"
[Wed, 03 Sep 2014 01:03:19 GMT] "[36mGET[39m [36m/[39m" "Mozilla/5.0 (Macintosh; Intel Mac OS X 10_10_0) AppleWebKit/537.36 (KHTML, like Gecko) Chrome/37.0.2062.68 Safari/537.36"
[Wed, 03 Sep 2014 01:03:24 GMT] "[36mGET[39m [36m/onepage.css[39m" "Mozilla/5.0 (Macintosh; Intel Mac OS X 10_10_0) AppleWebKit/537.36 (KHTML, like Gecko) Chrome/37.0.2062.68 Safari/537.36"
[Wed, 03 Sep 2014 01:03:24 GMT] "[36mGET[39m [36m/signpost.png[39m" "Mozilla/5.0 (Macintosh; Intel Mac OS X 10_10_0) AppleWebKit/537.36 (KHTML, like Gecko) Chrome/37.0.2062.68 Safari/537.36"
[Wed, 03 Sep 2014 01:03:24 GMT] "[36mGET[39m [36m/fb-review.png[39m" "Mozilla/5.0 (Macintosh; Intel Mac OS X 10_10_0) AppleWebKit/537.36 (KHTML, like Gecko) Chrome/37.0.2062.68 Safari/537.36"
[Wed, 03 Sep 2014 01:03:24 GMT] "[36mGET[39m [36m/amazon-warning.png[39m" "Mozilla/5.0 (Macintosh; Intel Mac OS X 10_10_0) AppleWebKit/537.36 (KHTML, like Gecko) Chrome/37.0.2062.68 Safari/537.36"
[Wed, 03 Sep 2014 01:03:24 GMT] "[36mGET[39m [36m/chrome-f.jpg[39m" "Mozilla/5.0 (Macintosh; Intel Mac OS X 10_10_0) AppleWebKit/537.36 (KHTML, like Gecko) Chrome/37.0.2062.68 Safari/537.36"
[Wed, 03 Sep 2014 01:03:24 GMT] "[36mGET[39m [36m/fb-w-lozenge-and-popup.jpg[39m" "Mozilla/5.0 (Macintosh; Intel Mac OS X 10_10_0) AppleWebKit/537.36 (KHTML, like Gecko) Chrome/37.0.2062.68 Safari/537.36"
[Wed, 03 Sep 2014 01:03:26 GMT] "[36mGET[39m [36m/activities.png[39m" "Mozilla/5.0 (Macintosh; Intel Mac OS X 10_10_0) AppleWebKit/537.36 (KHTML, like Gecko) Chrome/37.0.2062.68 Safari/537.36"
[Wed, 03 Sep 2014 01:03:26 GMT] "[36mGET[39m [36m/fb-review.png[39m" "Mozilla/5.0 (Macintosh; Intel Mac OS X 10_10_0) AppleWebKit/537.36 (KHTML, like Gecko) Chrome/37.0.2062.68 Safari/537.36"
[Wed, 03 Sep 2014 01:03:26 GMT] "[36mGET[39m [36m/schema.png[39m" "Mozilla/5.0 (Macintosh; Intel Mac OS X 10_10_0) AppleWebKit/537.36 (KHTML, like Gecko) Chrome/37.0.2062.68 Safari/537.36"
[Wed, 03 Sep 2014 01:03:26 GMT] "[36mGET[39m [36m/collection.png[39m" "Mozilla/5.0 (Macintosh; Intel Mac OS X 10_10_0) AppleWebKit/537.36 (KHTML, like Gecko) Chrome/37.0.2062.68 Safari/537.36"
[Wed, 03 Sep 2014 01:03:26 GMT] "[36mGET[39m [36m/display.png[39m" "Mozilla/5.0 (Macintosh; Intel Mac OS X 10_10_0) AppleWebKit/537.36 (KHTML, like Gecko) Chrome/37.0.2062.68 Safari/537.36"
[Wed, 03 Sep 2014 01:03:26 GMT] "[36mGET[39m [36m/residents.png[39m" "Mozilla/5.0 (Macintosh; Intel Mac OS X 10_10_0) AppleWebKit/537.36 (KHTML, like Gecko) Chrome/37.0.2062.68 Safari/537.36"
[Wed, 03 Sep 2014 01:03:28 GMT] "[36mGET[39m [36m/oversight.png[39m" "Mozilla/5.0 (Macintosh; Intel Mac OS X 10_10_0) AppleWebKit/537.36 (KHTML, like Gecko) Chrome/37.0.2062.68 Safari/537.36"
[Wed, 03 Sep 2014 01:03:28 GMT] "[36mGET[39m [36m/[39m" "Mozilla/5.0 (Macintosh; Intel Mac OS X 10_10_0) AppleWebKit/537.36 (KHTML, like Gecko) Chrome/37.0.2062.68 Safari/537.36"
[Wed, 03 Sep 2014 01:03:28 GMT] "[36mGET[39m [36m/onepage.css[39m" "Mozilla/5.0 (Macintosh; Intel Mac OS X 10_10_0) AppleWebKit/537.36 (KHTML, like Gecko) Chrome/37.0.2062.68 Safari/537.36"
[Wed, 03 Sep 2014 01:03:28 GMT] "[36mGET[39m [36m/signpost.png[39m" "Mozilla/5.0 (Macintosh; Intel Mac OS X 10_10_0) AppleWebKit/537.36 (KHTML, like Gecko) Chrome/37.0.2062.68 Safari/537.36"
[Wed, 03 Sep 2014 01:03:28 GMT] "[36mGET[39m [36m/fb-review.png[39m" "Mozilla/5.0 (Macintosh; Intel Mac OS X 10_10_0) AppleWebKit/537.36 (KHTML, like Gecko) Chrome/37.0.2062.68 Safari/537.36"
[Wed, 03 Sep 2014 01:03:32 GMT] "[36mGET[39m [36m/amazon-warning.png[39m" "Mozilla/5.0 (Macintosh; Intel Mac OS X 10_10_0) AppleWebKit/537.36 (KHTML, like Gecko) Chrome/37.0.2062.68 Safari/537.36"
[Wed, 03 Sep 2014 01:03:32 GMT] "[36mGET[39m [36m/chrome-f.jpg[39m" "Mozilla/5.0 (Macintosh; Intel Mac OS X 10_10_0) AppleWebKit/537.36 (KHTML, like Gecko) Chrome/37.0.2062.68 Safari/537.36"
[Wed, 03 Sep 2014 01:03:32 GMT] "[36mGET[39m [36m/fb-w-lozenge-and-popup.jpg[39m" "Mozilla/5.0 (Macintosh; Intel Mac OS X 10_10_0) AppleWebKit/537.36 (KHTML, like Gecko) Chrome/37.0.2062.68 Safari/537.36"
[Wed, 03 Sep 2014 01:03:32 GMT] "[36mGET[39m [36m/activities.png[39m" "Mozilla/5.0 (Macintosh; Intel Mac OS X 10_10_0) AppleWebKit/537.36 (KHTML, like Gecko) Chrome/37.0.2062.68 Safari/537.36"
[Wed, 03 Sep 2014 01:03:32 GMT] "[36mGET[39m [36m/schema.png[39m" "Mozilla/5.0 (Macintosh; Intel Mac OS X 10_10_0) AppleWebKit/537.36 (KHTML, like Gecko) Chrome/37.0.2062.68 Safari/537.36"
[Wed, 03 Sep 2014 01:03:32 GMT] "[36mGET[39m [36m/collection.png[39m" "Mozilla/5.0 (Macintosh; Intel Mac OS X 10_10_0) AppleWebKit/537.36 (KHTML, like Gecko) Chrome/37.0.2062.68 Safari/537.36"
[Wed, 03 Sep 2014 01:03:37 GMT] "[36mGET[39m [36m/display.png[39m" "Mozilla/5.0 (Macintosh; Intel Mac OS X 10_10_0) AppleWebKit/537.36 (KHTML, like Gecko) Chrome/37.0.2062.68 Safari/537.36"
[Wed, 03 Sep 2014 01:03:37 GMT] "[36mGET[39m [36m/residents.png[39m" "Mozilla/5.0 (Macintosh; Intel Mac OS X 10_10_0) AppleWebKit/537.36 (KHTML, like Gecko) Chrome/37.0.2062.68 Safari/537.36"
[Wed, 03 Sep 2014 01:03:37 GMT] "[36mGET[39m [36m/oversight.png[39m" "Mozilla/5.0 (Macintosh; Intel Mac OS X 10_10_0) AppleWebKit/537.36 (KHTML, like Gecko) Chrome/37.0.2062.68 Safari/537.36"
[Wed, 03 Sep 2014 01:04:33 GMT] "[36mGET[39m [36m/[39m" "Mozilla/5.0 (Macintosh; Intel Mac OS X 10_10_0) AppleWebKit/537.36 (KHTML, like Gecko) Chrome/37.0.2062.68 Safari/537.36"
[Wed, 03 Sep 2014 01:04:33 GMT] "[36mGET[39m [36m/onepage.css[39m" "Mozilla/5.0 (Macintosh; Intel Mac OS X 10_10_0) AppleWebKit/537.36 (KHTML, like Gecko) Chrome/37.0.2062.68 Safari/537.36"
[Wed, 03 Sep 2014 01:04:33 GMT] "[36mGET[39m [36m/signpost.png[39m" "Mozilla/5.0 (Macintosh; Intel Mac OS X 10_10_0) AppleWebKit/537.36 (KHTML, like Gecko) Chrome/37.0.2062.68 Safari/537.36"
[Wed, 03 Sep 2014 01:04:33 GMT] "[36mGET[39m [36m/fb-review.png[39m" "Mozilla/5.0 (Macintosh; Intel Mac OS X 10_10_0) AppleWebKit/537.36 (KHTML, like Gecko) Chrome/37.0.2062.68 Safari/537.36"
[Wed, 03 Sep 2014 01:04:33 GMT] "[36mGET[39m [36m/amazon-warning.png[39m" "Mozilla/5.0 (Macintosh; Intel Mac OS X 10_10_0) AppleWebKit/537.36 (KHTML, like Gecko) Chrome/37.0.2062.68 Safari/537.36"
[Wed, 03 Sep 2014 01:04:33 GMT] "[36mGET[39m [36m/chrome-f.jpg[39m" "Mozilla/5.0 (Macintosh; Intel Mac OS X 10_10_0) AppleWebKit/537.36 (KHTML, like Gecko) Chrome/37.0.2062.68 Safari/537.36"
[Wed, 03 Sep 2014 01:04:35 GMT] "[36mGET[39m [36m/fb-w-lozenge-and-popup.jpg[39m" "Mozilla/5.0 (Macintosh; Intel Mac OS X 10_10_0) AppleWebKit/537.36 (KHTML, like Gecko) Chrome/37.0.2062.68 Safari/537.36"
[Wed, 03 Sep 2014 01:04:35 GMT] "[36mGET[39m [36m/activities.png[39m" "Mozilla/5.0 (Macintosh; Intel Mac OS X 10_10_0) AppleWebKit/537.36 (KHTML, like Gecko) Chrome/37.0.2062.68 Safari/537.36"
[Wed, 03 Sep 2014 01:04:35 GMT] "[36mGET[39m [36m/schema.png[39m" "Mozilla/5.0 (Macintosh; Intel Mac OS X 10_10_0) AppleWebKit/537.36 (KHTML, like Gecko) Chrome/37.0.2062.68 Safari/537.36"
[Wed, 03 Sep 2014 01:04:35 GMT] "[36mGET[39m [36m/collection.png[39m" "Mozilla/5.0 (Macintosh; Intel Mac OS X 10_10_0) AppleWebKit/537.36 (KHTML, like Gecko) Chrome/37.0.2062.68 Safari/537.36"
[Wed, 03 Sep 2014 01:04:35 GMT] "[36mGET[39m [36m/display.png[39m" "Mozilla/5.0 (Macintosh; Intel Mac OS X 10_10_0) AppleWebKit/537.36 (KHTML, like Gecko) Chrome/37.0.2062.68 Safari/537.36"
[Wed, 03 Sep 2014 01:04:35 GMT] "[36mGET[39m [36m/residents.png[39m" "Mozilla/5.0 (Macintosh; Intel Mac OS X 10_10_0) AppleWebKit/537.36 (KHTML, like Gecko) Chrome/37.0.2062.68 Safari/537.36"
[Wed, 03 Sep 2014 01:04:40 GMT] "[36mGET[39m [36m/oversight.png[39m" "Mozilla/5.0 (Macintosh; Intel Mac OS X 10_10_0) AppleWebKit/537.36 (KHTML, like Gecko) Chrome/37.0.2062.68 Safari/537.36"
[Wed, 03 Sep 2014 01:29:52 GMT] "[36mGET[39m [36m/[39m" "Mozilla/5.0 (Macintosh; Intel Mac OS X 10_10_0) AppleWebKit/537.36 (KHTML, like Gecko) Chrome/37.0.2062.68 Safari/537.36"
[Wed, 03 Sep 2014 01:29:52 GMT] "[36mGET[39m [36m/onepage.css[39m" "Mozilla/5.0 (Macintosh; Intel Mac OS X 10_10_0) AppleWebKit/537.36 (KHTML, like Gecko) Chrome/37.0.2062.68 Safari/537.36"
[Wed, 03 Sep 2014 01:29:52 GMT] "[36mGET[39m [36m/signpost.png[39m" "Mozilla/5.0 (Macintosh; Intel Mac OS X 10_10_0) AppleWebKit/537.36 (KHTML, like Gecko) Chrome/37.0.2062.68 Safari/537.36"
[Wed, 03 Sep 2014 01:29:52 GMT] "[36mGET[39m [36m/fb-review.png[39m" "Mozilla/5.0 (Macintosh; Intel Mac OS X 10_10_0) AppleWebKit/537.36 (KHTML, like Gecko) Chrome/37.0.2062.68 Safari/537.36"
[Wed, 03 Sep 2014 01:29:52 GMT] "[36mGET[39m [36m/amazon-warning.png[39m" "Mozilla/5.0 (Macintosh; Intel Mac OS X 10_10_0) AppleWebKit/537.36 (KHTML, like Gecko) Chrome/37.0.2062.68 Safari/537.36"
[Wed, 03 Sep 2014 01:29:52 GMT] "[36mGET[39m [36m/chrome-f.jpg[39m" "Mozilla/5.0 (Macintosh; Intel Mac OS X 10_10_0) AppleWebKit/537.36 (KHTML, like Gecko) Chrome/37.0.2062.68 Safari/537.36"
[Wed, 03 Sep 2014 01:29:54 GMT] "[36mGET[39m [36m/fb-w-lozenge-and-popup.jpg[39m" "Mozilla/5.0 (Macintosh; Intel Mac OS X 10_10_0) AppleWebKit/537.36 (KHTML, like Gecko) Chrome/37.0.2062.68 Safari/537.36"
[Wed, 03 Sep 2014 01:29:54 GMT] "[36mGET[39m [36m/activities.png[39m" "Mozilla/5.0 (Macintosh; Intel Mac OS X 10_10_0) AppleWebKit/537.36 (KHTML, like Gecko) Chrome/37.0.2062.68 Safari/537.36"
[Wed, 03 Sep 2014 01:29:54 GMT] "[36mGET[39m [36m/schema.png[39m" "Mozilla/5.0 (Macintosh; Intel Mac OS X 10_10_0) AppleWebKit/537.36 (KHTML, like Gecko) Chrome/37.0.2062.68 Safari/537.36"
[Wed, 03 Sep 2014 01:29:54 GMT] "[36mGET[39m [36m/collection.png[39m" "Mozilla/5.0 (Macintosh; Intel Mac OS X 10_10_0) AppleWebKit/537.36 (KHTML, like Gecko) Chrome/37.0.2062.68 Safari/537.36"
[Wed, 03 Sep 2014 01:29:54 GMT] "[36mGET[39m [36m/display.png[39m" "Mozilla/5.0 (Macintosh; Intel Mac OS X 10_10_0) AppleWebKit/537.36 (KHTML, like Gecko) Chrome/37.0.2062.68 Safari/537.36"
[Wed, 03 Sep 2014 01:29:54 GMT] "[36mGET[39m [36m/residents.png[39m" "Mozilla/5.0 (Macintosh; Intel Mac OS X 10_10_0) AppleWebKit/537.36 (KHTML, like Gecko) Chrome/37.0.2062.68 Safari/537.36"
[Wed, 03 Sep 2014 01:29:59 GMT] "[36mGET[39m [36m/oversight.png[39m" "Mozilla/5.0 (Macintosh; Intel Mac OS X 10_10_0) AppleWebKit/537.36 (KHTML, like Gecko) Chrome/37.0.2062.68 Safari/537.36"
[Wed, 03 Sep 2014 02:08:12 GMT] "[36mGET[39m [36m/[39m" "Mozilla/5.0 (Macintosh; Intel Mac OS X 10_10_0) AppleWebKit/537.36 (KHTML, like Gecko) Chrome/37.0.2062.68 Safari/537.36"
[Wed, 03 Sep 2014 02:08:31 GMT] "[36mGET[39m [36m/[39m" "Mozilla/5.0 (Macintosh; Intel Mac OS X 10_10_0) AppleWebKit/537.36 (KHTML, like Gecko) Chrome/37.0.2062.68 Safari/537.36"
[Wed, 03 Sep 2014 02:08:59 GMT] "[36mGET[39m [36m/[39m" "Mozilla/5.0 (Macintosh; Intel Mac OS X 10_10_0) AppleWebKit/537.36 (KHTML, like Gecko) Chrome/37.0.2062.68 Safari/537.36"
[katon] Starting cxp on port: 31002 using command: http-server -p 31002
[33mStarting up http-server, serving [39m[36m./[39m[33m on port: [39m[36m31002[39m
Hit CTRL-C to stop the server
[Wed, 03 Sep 2014 17:00:21 GMT] "[36mGET[39m [36m/[39m" "Mozilla/5.0 (Macintosh; Intel Mac OS X 10_10_0) AppleWebKit/537.36 (KHTML, like Gecko) Chrome/37.0.2062.68 Safari/537.36"
[Wed, 03 Sep 2014 17:00:22 GMT] "[36mGET[39m [36m/onepage.css[39m" "Mozilla/5.0 (Macintosh; Intel Mac OS X 10_10_0) AppleWebKit/537.36 (KHTML, like Gecko) Chrome/37.0.2062.68 Safari/537.36"
[Wed, 03 Sep 2014 17:00:22 GMT] "[36mGET[39m [36m/signpost.png[39m" "Mozilla/5.0 (Macintosh; Intel Mac OS X 10_10_0) AppleWebKit/537.36 (KHTML, like Gecko) Chrome/37.0.2062.68 Safari/537.36"
[Wed, 03 Sep 2014 17:00:22 GMT] "[36mGET[39m [36m/fb-review.png[39m" "Mozilla/5.0 (Macintosh; Intel Mac OS X 10_10_0) AppleWebKit/537.36 (KHTML, like Gecko) Chrome/37.0.2062.68 Safari/537.36"
[Wed, 03 Sep 2014 17:00:23 GMT] "[36mGET[39m [36m/amazon-warning.png[39m" "Mozilla/5.0 (Macintosh; Intel Mac OS X 10_10_0) AppleWebKit/537.36 (KHTML, like Gecko) Chrome/37.0.2062.68 Safari/537.36"
[Wed, 03 Sep 2014 17:00:23 GMT] "[36mGET[39m [36m/chrome-f.jpg[39m" "Mozilla/5.0 (Macintosh; Intel Mac OS X 10_10_0) AppleWebKit/537.36 (KHTML, like Gecko) Chrome/37.0.2062.68 Safari/537.36"
[Wed, 03 Sep 2014 17:00:23 GMT] "[36mGET[39m [36m/fb-w-lozenge-and-popup.jpg[39m" "Mozilla/5.0 (Macintosh; Intel Mac OS X 10_10_0) AppleWebKit/537.36 (KHTML, like Gecko) Chrome/37.0.2062.68 Safari/537.36"
[Wed, 03 Sep 2014 17:00:23 GMT] "[36mGET[39m [36m/activities.png[39m" "Mozilla/5.0 (Macintosh; Intel Mac OS X 10_10_0) AppleWebKit/537.36 (KHTML, like Gecko) Chrome/37.0.2062.68 Safari/537.36"
[Wed, 03 Sep 2014 17:00:25 GMT] "[36mGET[39m [36m/display.png[39m" "Mozilla/5.0 (Macintosh; Intel Mac OS X 10_10_0) AppleWebKit/537.36 (KHTML, like Gecko) Chrome/37.0.2062.68 Safari/537.36"
[Wed, 03 Sep 2014 17:00:25 GMT] "[36mGET[39m [36m/schema.png[39m" "Mozilla/5.0 (Macintosh; Intel Mac OS X 10_10_0) AppleWebKit/537.36 (KHTML, like Gecko) Chrome/37.0.2062.68 Safari/537.36"
[Wed, 03 Sep 2014 17:00:25 GMT] "[36mGET[39m [36m/residents.png[39m" "Mozilla/5.0 (Macintosh; Intel Mac OS X 10_10_0) AppleWebKit/537.36 (KHTML, like Gecko) Chrome/37.0.2062.68 Safari/537.36"
[Wed, 03 Sep 2014 17:00:25 GMT] "[36mGET[39m [36m/collection.png[39m" "Mozilla/5.0 (Macintosh; Intel Mac OS X 10_10_0) AppleWebKit/537.36 (KHTML, like Gecko) Chrome/37.0.2062.68 Safari/537.36"
[Wed, 03 Sep 2014 17:00:25 GMT] "[36mGET[39m [36m/oversight.png[39m" "Mozilla/5.0 (Macintosh; Intel Mac OS X 10_10_0) AppleWebKit/537.36 (KHTML, like Gecko) Chrome/37.0.2062.68 Safari/537.36"
[Wed, 03 Sep 2014 17:00:27 GMT] "[36mGET[39m [36m/favicon.ico[39m" "Mozilla/5.0 (Macintosh; Intel Mac OS X 10_10_0) AppleWebKit/537.36 (KHTML, like Gecko) Chrome/37.0.2062.68 Safari/537.36"
[Wed, 03 Sep 2014 17:04:38 GMT] "[36mGET[39m [36m/[39m" "Mozilla/5.0 (Macintosh; Intel Mac OS X 10_10_0) AppleWebKit/537.36 (KHTML, like Gecko) Chrome/37.0.2062.68 Safari/537.36"
[Wed, 03 Sep 2014 17:05:56 GMT] "[36mGET[39m [36m/[39m" "Mozilla/5.0 (Macintosh; Intel Mac OS X 10_10_0) AppleWebKit/537.36 (KHTML, like Gecko) Chrome/37.0.2062.68 Safari/537.36"
[Wed, 03 Sep 2014 17:07:57 GMT] "[36mGET[39m [36m/[39m" "Mozilla/5.0 (Macintosh; Intel Mac OS X 10_10_0) AppleWebKit/537.36 (KHTML, like Gecko) Chrome/37.0.2062.68 Safari/537.36"
[Wed, 03 Sep 2014 17:34:29 GMT] "[36mGET[39m [36m/[39m" "Mozilla/5.0 (Macintosh; Intel Mac OS X 10_10_0) AppleWebKit/537.36 (KHTML, like Gecko) Chrome/37.0.2062.68 Safari/537.36"
[Wed, 03 Sep 2014 17:34:52 GMT] "[36mGET[39m [36m/[39m" "Mozilla/5.0 (Macintosh; Intel Mac OS X 10_10_0) AppleWebKit/537.36 (KHTML, like Gecko) Chrome/37.0.2062.68 Safari/537.36"
[Wed, 03 Sep 2014 17:58:40 GMT] "[36mGET[39m [36m/[39m" "Mozilla/5.0 (Macintosh; Intel Mac OS X 10_10_0) AppleWebKit/537.36 (KHTML, like Gecko) Chrome/37.0.2062.68 Safari/537.36"
[Wed, 03 Sep 2014 18:09:52 GMT] "[36mGET[39m [36m/[39m" "Mozilla/5.0 (Macintosh; Intel Mac OS X 10_10_0) AppleWebKit/537.36 (KHTML, like Gecko) Chrome/37.0.2062.68 Safari/537.36"
[Wed, 03 Sep 2014 18:09:55 GMT] "[36mGET[39m [36m/onepage.css[39m" "Mozilla/5.0 (Macintosh; Intel Mac OS X 10_10_0) AppleWebKit/537.36 (KHTML, like Gecko) Chrome/37.0.2062.68 Safari/537.36"
[Wed, 03 Sep 2014 18:09:55 GMT] "[36mGET[39m [36m/signpost.png[39m" "Mozilla/5.0 (Macintosh; Intel Mac OS X 10_10_0) AppleWebKit/537.36 (KHTML, like Gecko) Chrome/37.0.2062.68 Safari/537.36"
[Wed, 03 Sep 2014 18:09:55 GMT] "[36mGET[39m [36m/amazon-warning.png[39m" "Mozilla/5.0 (Macintosh; Intel Mac OS X 10_10_0) AppleWebKit/537.36 (KHTML, like Gecko) Chrome/37.0.2062.68 Safari/537.36"
[Wed, 03 Sep 2014 18:09:55 GMT] "[36mGET[39m [36m/chrome-f.jpg[39m" "Mozilla/5.0 (Macintosh; Intel Mac OS X 10_10_0) AppleWebKit/537.36 (KHTML, like Gecko) Chrome/37.0.2062.68 Safari/537.36"
[Wed, 03 Sep 2014 18:09:55 GMT] "[36mGET[39m [36m/fb-w-lozenge-and-popup.jpg[39m" "Mozilla/5.0 (Macintosh; Intel Mac OS X 10_10_0) AppleWebKit/537.36 (KHTML, like Gecko) Chrome/37.0.2062.68 Safari/537.36"
[Wed, 03 Sep 2014 18:09:55 GMT] "[36mGET[39m [36m/activities.png[39m" "Mozilla/5.0 (Macintosh; Intel Mac OS X 10_10_0) AppleWebKit/537.36 (KHTML, like Gecko) Chrome/37.0.2062.68 Safari/537.36"
[Wed, 03 Sep 2014 18:09:57 GMT] "[36mGET[39m [36m/fb-review.png[39m" "Mozilla/5.0 (Macintosh; Intel Mac OS X 10_10_0) AppleWebKit/537.36 (KHTML, like Gecko) Chrome/37.0.2062.68 Safari/537.36"
[Wed, 03 Sep 2014 18:09:57 GMT] "[36mGET[39m [36m/display.png[39m" "Mozilla/5.0 (Macintosh; Intel Mac OS X 10_10_0) AppleWebKit/537.36 (KHTML, like Gecko) Chrome/37.0.2062.68 Safari/537.36"
[Wed, 03 Sep 2014 18:09:57 GMT] "[36mGET[39m [36m/schema.png[39m" "Mozilla/5.0 (Macintosh; Intel Mac OS X 10_10_0) AppleWebKit/537.36 (KHTML, like Gecko) Chrome/37.0.2062.68 Safari/537.36"
[Wed, 03 Sep 2014 18:09:57 GMT] "[36mGET[39m [36m/residents.png[39m" "Mozilla/5.0 (Macintosh; Intel Mac OS X 10_10_0) AppleWebKit/537.36 (KHTML, like Gecko) Chrome/37.0.2062.68 Safari/537.36"
[Wed, 03 Sep 2014 18:43:32 GMT] "[36mGET[39m [36m/[39m" "Mozilla/5.0 (Macintosh; Intel Mac OS X 10_10_0) AppleWebKit/537.36 (KHTML, like Gecko) Chrome/37.0.2062.68 Safari/537.36"
[Wed, 03 Sep 2014 18:46:51 GMT] "[36mGET[39m [36m/[39m" "Mozilla/5.0 (Macintosh; Intel Mac OS X 10_10_0) AppleWebKit/537.36 (KHTML, like Gecko) Chrome/37.0.2062.68 Safari/537.36"
